{"/Users/sofware/Desktop/sdi/projects/sdi-picture-book-companion/client/src/App.js": {"path":"/Users/sofware/Desktop/sdi/projects/sdi-picture-book-companion/client/src/App.js","statementMap":{"0":{"start":{"line":11,"column":4},"end":{"line":26,"column":6}}},"fnMap":{"0":{"name":"App","decl":{"start":{"line":9,"column":9},"end":{"line":9,"column":12}},"loc":{"start":{"line":9,"column":20},"end":{"line":27,"column":1}},"line":9}},"branchMap":{},"s":{"0":0},"f":{"0":0},"b":{},"_coverageSchema":"1a1c01bbd47fc00a2c39e90264f33305004495a9","hash":"c4e7301c48e9188c7b0970baf0cb8d9d2b23667c"}
,"/Users/sofware/Desktop/sdi/projects/sdi-picture-book-companion/client/src/index.js": {"path":"/Users/sofware/Desktop/sdi/projects/sdi-picture-book-companion/client/src/index.js","statementMap":{"0":{"start":{"line":7,"column":0},"end":{"line":14,"column":2}}},"fnMap":{},"branchMap":{},"s":{"0":0},"f":{},"b":{}}
,"/Users/sofware/Desktop/sdi/projects/sdi-picture-book-companion/client/src/components/AddItem.js": {"path":"/Users/sofware/Desktop/sdi/projects/sdi-picture-book-companion/client/src/components/AddItem.js","statementMap":{"0":{"start":{"line":2,"column":16},"end":{"line":10,"column":1}},"1":{"start":{"line":4,"column":2},"end":{"line":8,"column":4}}},"fnMap":{"0":{"name":"(anonymous_0)","decl":{"start":{"line":2,"column":16},"end":{"line":2,"column":17}},"loc":{"start":{"line":2,"column":22},"end":{"line":10,"column":1}},"line":2}},"branchMap":{},"s":{"0":1,"1":0},"f":{"0":0},"b":{},"_coverageSchema":"1a1c01bbd47fc00a2c39e90264f33305004495a9","hash":"5dd899f63af8ce559a15c58fede4479cb2b5f220"}
,"/Users/sofware/Desktop/sdi/projects/sdi-picture-book-companion/client/src/components/Home.js": {"path":"/Users/sofware/Desktop/sdi/projects/sdi-picture-book-companion/client/src/components/Home.js","statementMap":{"0":{"start":{"line":5,"column":13},"end":{"line":42,"column":1}},"1":{"start":{"line":7,"column":34},"end":{"line":7,"column":47}},"2":{"start":{"line":8,"column":42},"end":{"line":8,"column":66}},"3":{"start":{"line":10,"column":24},"end":{"line":12,"column":1}},"4":{"start":{"line":11,"column":2},"end":{"line":11,"column":30}},"5":{"start":{"line":14,"column":27},"end":{"line":16,"column":3}},"6":{"start":{"line":15,"column":4},"end":{"line":15,"column":36}},"7":{"start":{"line":19,"column":14},"end":{"line":19,"column":26}},"8":{"start":{"line":20,"column":25},"end":{"line":23,"column":1}},"9":{"start":{"line":21,"column":0},"end":{"line":21,"column":79}},"10":{"start":{"line":22,"column":2},"end":{"line":22,"column":20}},"11":{"start":{"line":27,"column":2},"end":{"line":40,"column":4}}},"fnMap":{"0":{"name":"(anonymous_0)","decl":{"start":{"line":5,"column":13},"end":{"line":5,"column":14}},"loc":{"start":{"line":5,"column":19},"end":{"line":42,"column":1}},"line":5},"1":{"name":"(anonymous_1)","decl":{"start":{"line":10,"column":24},"end":{"line":10,"column":25}},"loc":{"start":{"line":10,"column":31},"end":{"line":12,"column":1}},"line":10},"2":{"name":"(anonymous_2)","decl":{"start":{"line":14,"column":27},"end":{"line":14,"column":28}},"loc":{"start":{"line":14,"column":34},"end":{"line":16,"column":3}},"line":14},"3":{"name":"(anonymous_3)","decl":{"start":{"line":20,"column":25},"end":{"line":20,"column":26}},"loc":{"start":{"line":20,"column":32},"end":{"line":23,"column":1}},"line":20}},"branchMap":{},"s":{"0":1,"1":0,"2":0,"3":0,"4":0,"5":0,"6":0,"7":0,"8":0,"9":0,"10":0,"11":0},"f":{"0":0,"1":0,"2":0,"3":0},"b":{},"_coverageSchema":"1a1c01bbd47fc00a2c39e90264f33305004495a9","hash":"67920765665e2a17f8e68d7bfa849f9e359158fb"}
,"/Users/sofware/Desktop/sdi/projects/sdi-picture-book-companion/client/src/components/Item.js": {"path":"/Users/sofware/Desktop/sdi/projects/sdi-picture-book-companion/client/src/components/Item.js","statementMap":{"0":{"start":{"line":2,"column":13},"end":{"line":10,"column":1}},"1":{"start":{"line":4,"column":2},"end":{"line":8,"column":4}}},"fnMap":{"0":{"name":"(anonymous_0)","decl":{"start":{"line":2,"column":13},"end":{"line":2,"column":14}},"loc":{"start":{"line":2,"column":19},"end":{"line":10,"column":1}},"line":2}},"branchMap":{},"s":{"0":1,"1":0},"f":{"0":0},"b":{},"_coverageSchema":"1a1c01bbd47fc00a2c39e90264f33305004495a9","hash":"6d9d8c7314a0feb90068aaf36a8472ac1a1bfa51"}
,"/Users/sofware/Desktop/sdi/projects/sdi-picture-book-companion/client/src/components/Search.js": {"path":"/Users/sofware/Desktop/sdi/projects/sdi-picture-book-companion/client/src/components/Search.js","statementMap":{"0":{"start":{"line":5,"column":15},"end":{"line":26,"column":1}},"1":{"start":{"line":7,"column":42},"end":{"line":7,"column":54}},"2":{"start":{"line":9,"column":0},"end":{"line":16,"column":6}},"3":{"start":{"line":10,"column":2},"end":{"line":15,"column":2}},"4":{"start":{"line":11,"column":15},"end":{"line":11,"column":25}},"5":{"start":{"line":13,"column":2},"end":{"line":13,"column":29}},"6":{"start":{"line":14,"column":2},"end":{"line":14,"column":24}},"7":{"start":{"line":19,"column":2},"end":{"line":24,"column":4}}},"fnMap":{"0":{"name":"(anonymous_0)","decl":{"start":{"line":5,"column":15},"end":{"line":5,"column":16}},"loc":{"start":{"line":5,"column":21},"end":{"line":26,"column":1}},"line":5},"1":{"name":"(anonymous_1)","decl":{"start":{"line":9,"column":10},"end":{"line":9,"column":11}},"loc":{"start":{"line":9,"column":16},"end":{"line":16,"column":1}},"line":9},"2":{"name":"(anonymous_2)","decl":{"start":{"line":11,"column":8},"end":{"line":11,"column":9}},"loc":{"start":{"line":11,"column":15},"end":{"line":11,"column":25}},"line":11},"3":{"name":"(anonymous_3)","decl":{"start":{"line":12,"column":8},"end":{"line":12,"column":9}},"loc":{"start":{"line":12,"column":16},"end":{"line":15,"column":1}},"line":12}},"branchMap":{},"s":{"0":1,"1":0,"2":0,"3":0,"4":0,"5":0,"6":0,"7":0},"f":{"0":0,"1":0,"2":0,"3":0},"b":{},"_coverageSchema":"1a1c01bbd47fc00a2c39e90264f33305004495a9","hash":"64c16759a39702e82631352b42ac00f7aebca537"}
}
