TN:
SF:src/App.js
FN:9,App
FNF:1
FNH:0
FNDA:0,App
DA:11,0
LF:1
LH:0
BRF:0
BRH:0
end_of_record
TN:
SF:src/index.js
FNF:0
FNH:0
DA:7,0
LF:1
LH:0
BRF:0
BRH:0
end_of_record
TN:
SF:src/components/AddItem.js
FN:2,(anonymous_0)
FNF:1
FNH:0
FNDA:0,(anonymous_0)
DA:2,1
DA:4,0
LF:2
LH:1
BRF:0
BRH:0
end_of_record
TN:
SF:src/components/Home.js
FN:5,(anonymous_0)
FN:10,(anonymous_1)
FN:14,(anonymous_2)
FN:20,(anonymous_3)
FNF:4
FNH:0
FNDA:0,(anonymous_0)
FNDA:0,(anonymous_1)
FNDA:0,(anonymous_2)
FNDA:0,(anonymous_3)
DA:5,1
DA:7,0
DA:8,0
DA:10,0
DA:11,0
DA:14,0
DA:15,0
DA:19,0
DA:20,0
DA:21,0
DA:22,0
DA:27,0
LF:12
LH:1
BRF:0
BRH:0
end_of_record
TN:
SF:src/components/Item.js
FN:2,(anonymous_0)
FNF:1
FNH:0
FNDA:0,(anonymous_0)
DA:2,1
DA:4,0
LF:2
LH:1
BRF:0
BRH:0
end_of_record
TN:
SF:src/components/Search.js
FN:5,(anonymous_0)
FN:9,(anonymous_1)
FN:11,(anonymous_2)
FN:12,(anonymous_3)
FNF:4
FNH:0
FNDA:0,(anonymous_0)
FNDA:0,(anonymous_1)
FNDA:0,(anonymous_2)
FNDA:0,(anonymous_3)
DA:5,1
DA:7,0
DA:9,0
DA:10,0
DA:11,0
DA:13,0
DA:14,0
DA:19,0
LF:8
LH:1
BRF:0
BRH:0
end_of_record
